#
# There is insufficient memory for the Java Runtime Environment to continue.
# Native memory allocation (mmap) failed to map 264241152 bytes for G1 virtual space
# Possible reasons:
#   The system is out of physical RAM or swap space
#   The process is running with CompressedOops enabled, and the Java Heap may be blocking the growth of the native heap
# Possible solutions:
#   Reduce memory load on the system
#   Increase physical memory or swap space
#   Check if swap backing store is full
#   Decrease Java heap size (-Xmx/-Xms)
#   Decrease number of Java threads
#   Decrease Java thread stack sizes (-Xss)
#   Set larger code cache with -XX:ReservedCodeCacheSize=
#   JVM is running with Zero Based Compressed Oops mode in which the Java heap is
#     placed in the first 32GB address space. The Java Heap base address is the
#     maximum limit for the native heap growth. Please use -XX:HeapBaseMinAddress
#     to set the Java Heap base and to place the Java Heap above 32GB virtual address.
# This output file may be truncated or incomplete.
#
#  Out of Memory Error (os_windows.cpp:3600), pid=33128, tid=40608
#
# JRE version:  (21.0.2+13) (build )
# Java VM: Java HotSpot(TM) 64-Bit Server VM (21.0.2+13-LTS-58, mixed mode, sharing, tiered, compressed oops, compressed class ptrs, g1 gc, windows-amd64)
# No core dump will be written. Minidumps are not enabled by default on client versions of Windows
#

---------------  S U M M A R Y ------------

Command Line: -Dclassworlds.conf=D:\rawat\Documents\apache-maven-3.9.16-bin\apache-maven-3.9.16\bin\m2.conf -Dmaven.home=D:\rawat\Documents\apache-maven-3.9.16-bin\apache-maven-3.9.16 -Dlibrary.jansi.path=D:\rawat\Documents\apache-maven-3.9.16-bin\apache-maven-3.9.16\lib\jansi-native -Dmaven.multiModuleProjectDirectory=d:\rawat\Documents\tinyurl-main org.codehaus.plexus.classworlds.launcher.Launcher -B -N -DgraphFormat=text -DshowDuplicates -DshowConflicts -DshowVersions -DshowGroupIds -DoutputDirectory=c:\Users\rawat\AppData\Roaming\Code\User\workspaceStorage\0dc052288b8db4c60cc90cd67da1ecdb\vscjava.vscode-maven -DoutputFileName=41d289530f40974dd9034a860ea45852.deps.txt com.github.ferstl:depgraph-maven-plugin:4.0.3:graph -f d:\rawat\Documents\tinyurl-main\tinyurl-main\pom.xml

Host: 12th Gen Intel(R) Core(TM) i7-12650H, 16 cores, 15G,  Windows 11 , 64 bit Build 26100 (10.0.26100.8521)
Time: Wed Jun 24 14:52:12 2026 India Standard Time elapsed time: 1.045323 seconds (0d 0h 0m 1s)

---------------  T H R E A D  ---------------

Current thread (0x0000026ebc2b5470):  JavaThread "Unknown thread" [_thread_in_vm, id=40608, stack(0x000000b2ab900000,0x000000b2aba00000) (1024K)]

Stack: [0x000000b2ab900000,0x000000b2aba00000]
Native frames: (J=compiled Java code, j=interpreted, Vv=VM code, C=native code)
V  [jvm.dll+0x6cade9]
V  [jvm.dll+0x8569c1]
V  [jvm.dll+0x858d2e]
V  [jvm.dll+0x859413]
V  [jvm.dll+0x280e56]
V  [jvm.dll+0x6c74d5]
V  [jvm.dll+0x6bbeca]
V  [jvm.dll+0x355bca]
V  [jvm.dll+0x35d816]
V  [jvm.dll+0x3ae67e]
V  [jvm.dll+0x3ae928]
V  [jvm.dll+0x3295dc]
V  [jvm.dll+0x32a16b]
V  [jvm.dll+0x81efa9]
V  [jvm.dll+0x3bba01]
V  [jvm.dll+0x807928]
V  [jvm.dll+0x44f50e]
V  [jvm.dll+0x450e11]
C  [jli.dll+0x52a3]
C  [ucrtbase.dll+0x2cd30]
C  [KERNEL32.DLL+0x2e957]
C  [ntdll.dll+0x87c1c]


---------------  P R O C E S S  ---------------

Threads class SMR info:
_java_thread_list=0x00007ffedcd4bb88, length=0, elements={
}

Java Threads: ( => current thread )
Total: 0

Other Threads:
  0x0000026ebbcf2f90 WorkerThread "GC Thread#0"                     [id=39580, stack(0x000000b2aba00000,0x000000b2abb00000) (1024K)]
  0x0000026ebc327a50 ConcurrentGCThread "G1 Main Marker"            [id=25724, stack(0x000000b2abb00000,0x000000b2abc00000) (1024K)]
  0x0000026ebbcf24b0 WorkerThread "G1 Conc#0"                       [id=15580, stack(0x000000b2abc00000,0x000000b2abd00000) (1024K)]

[error occurred during error reporting (printing all threads), id 0xc0000005, EXCEPTION_ACCESS_VIOLATION (0xc0000005) at pc=0x00007ffedc4bc6a7]
VM state: not at safepoint (not fully initialized)

VM Mutex/Monitor currently owned by a thread:  ([mutex/lock_event])
[0x00007ffedcdbce68] Heap_lock - owner thread: 0x0000026ebc2b5470

Heap address: 0x0000000704a00000, size: 4022 MB, Compressed Oops mode: Zero based, Oop shift amount: 3

CDS archive(s) mapped at: [0x0000000000000000-0x0000000000000000-0x0000000000000000), size 0, SharedBaseAddress: 0x0000000800000000, ArchiveRelocationMode: 1.
Narrow klass base: 0x0000000000000000, Narrow klass shift: 0, Narrow klass range: 0x0

GC Precious Log:
 CardTable entry size: 512
 Card Set container configuration: InlinePtr #cards 4 size 8 Array Of Cards #cards 16 size 48 Howl #buckets 8 coarsen threshold 3686 Howl Bitmap #cards 512 size 80 coarsen threshold 460 Card regions per heap region 1 cards per card region 4096

Heap:
 garbage-first heap   total 0K, used 0K [0x0000000704a00000, 0x0000000800000000)
  region size 2048K, 0 young (0K), 0 survivors (0K)

[error occurred during error reporting (printing heap information), id 0xc0000005, EXCEPTION_ACCESS_VIOLATION (0xc0000005) at pc=0x00007ffedc8a39f9]
GC Heap History (0 events):
No events

Dll operation events (1 events):
Event: 0.007 Loaded shared library C:\Program Files\Java\jdk-21\bin\java.dll

Deoptimization events (0 events):
No events

Classes loaded (0 events):
No events

Classes unloaded (0 events):
No events

Classes redefined (0 events):
No events

Internal exceptions (0 events):
No events

ZGC Phase Switch (0 events):
No events

VM Operations (0 events):
No events

Events (0 events):
No events


Dynamic libraries:
0x00007ff7b80f0000 - 0x00007ff7b8100000 	C:\Program Files\Java\jdk-21\bin\java.exe
0x00007fffb51a0000 - 0x00007fffb5406000 	C:\WINDOWS\SYSTEM32\ntdll.dll
0x00007fffb3fa0000 - 0x00007fffb4069000 	C:\WINDOWS\System32\KERNEL32.DLL
0x00007fffb2620000 - 0x00007fffb2a1a000 	C:\WINDOWS\System32\KERNELBASE.dll
0x00007fffb2c10000 - 0x00007fffb2d5c000 	C:\WINDOWS\System32\ucrtbase.dll
0x00007fffa4820000 - 0x00007fffa483b000 	C:\Program Files\Java\jdk-21\bin\VCRUNTIME140.dll
0x00007fffa5200000 - 0x00007fffa5219000 	C:\Program Files\Java\jdk-21\bin\jli.dll
0x00007fffb47e0000 - 0x00007fffb4896000 	C:\WINDOWS\System32\ADVAPI32.dll
0x00007fffb30f0000 - 0x00007fffb3199000 	C:\WINDOWS\System32\msvcrt.dll
0x00007fffb2f10000 - 0x00007fffb2fba000 	C:\WINDOWS\System32\sechost.dll
0x00007fffb4d00000 - 0x00007fffb4e18000 	C:\WINDOWS\System32\RPCRT4.dll
0x00007fffb4e20000 - 0x00007fffb4fe7000 	C:\WINDOWS\System32\USER32.dll
0x00007fffb2d60000 - 0x00007fffb2d87000 	C:\WINDOWS\System32\win32u.dll
0x00007fff97d60000 - 0x00007fff97ff2000 	C:\WINDOWS\WinSxS\amd64_microsoft.windows.common-controls_6595b64144ccf1df_6.0.26100.8521_none_3e08b75ce33403b3\COMCTL32.dll
0x00007fffb47b0000 - 0x00007fffb47db000 	C:\WINDOWS\System32\GDI32.dll
0x00007fffb2ae0000 - 0x00007fffb2c0b000 	C:\WINDOWS\System32\gdi32full.dll
0x00007fffb2570000 - 0x00007fffb2613000 	C:\WINDOWS\System32\msvcp_win.dll
0x00007fffaa380000 - 0x00007fffaa38b000 	C:\WINDOWS\SYSTEM32\VERSION.dll
0x00007fffb4990000 - 0x00007fffb49c2000 	C:\WINDOWS\System32\IMM32.DLL
0x00007fffa5870000 - 0x00007fffa587c000 	C:\Program Files\Java\jdk-21\bin\vcruntime140_1.dll
0x00007fff88180000 - 0x00007fff8820e000 	C:\Program Files\Java\jdk-21\bin\msvcp140.dll
0x00007ffedc180000 - 0x00007ffedce97000 	C:\Program Files\Java\jdk-21\bin\server\jvm.dll
0x00007fffb3cc0000 - 0x00007fffb3d40000 	C:\WINDOWS\System32\WS2_32.dll
0x00007fffb1590000 - 0x00007fffb15ee000 	C:\WINDOWS\SYSTEM32\POWRPROF.dll
0x00007fffa1910000 - 0x00007fffa1946000 	C:\WINDOWS\SYSTEM32\WINMM.dll
0x00007fffb1570000 - 0x00007fffb1584000 	C:\WINDOWS\SYSTEM32\UMPDC.dll
0x00007fffb1230000 - 0x00007fffb124b000 	C:\WINDOWS\SYSTEM32\kernel.appcore.dll
0x00007fffa4810000 - 0x00007fffa481a000 	C:\Program Files\Java\jdk-21\bin\jimage.dll
0x00007fffafa30000 - 0x00007fffafc72000 	C:\WINDOWS\SYSTEM32\DBGHELP.DLL
0x00007fffb31a0000 - 0x00007fffb3523000 	C:\WINDOWS\System32\combase.dll
0x00007fffb3010000 - 0x00007fffb30e9000 	C:\WINDOWS\System32\OLEAUT32.dll
0x00007fff94360000 - 0x00007fff9439b000 	C:\WINDOWS\SYSTEM32\dbgcore.DLL
0x00007fffb2430000 - 0x00007fffb24d8000 	C:\WINDOWS\System32\bcryptPrimitives.dll
0x00007fffa4770000 - 0x00007fffa478f000 	C:\Program Files\Java\jdk-21\bin\java.dll

dbghelp: loaded successfully - version: 4.0.5 - missing functions: none
symbol engine: initialized successfully - sym options: 0x614 - pdb path: .;C:\Program Files\Java\jdk-21\bin;C:\WINDOWS\SYSTEM32;C:\WINDOWS\WinSxS\amd64_microsoft.windows.common-controls_6595b64144ccf1df_6.0.26100.8521_none_3e08b75ce33403b3;C:\Program Files\Java\jdk-21\bin\server

VM Arguments:
jvm_args: -Dclassworlds.conf=D:\rawat\Documents\apache-maven-3.9.16-bin\apache-maven-3.9.16\bin\m2.conf -Dmaven.home=D:\rawat\Documents\apache-maven-3.9.16-bin\apache-maven-3.9.16 -Dlibrary.jansi.path=D:\rawat\Documents\apache-maven-3.9.16-bin\apache-maven-3.9.16\lib\jansi-native -Dmaven.multiModuleProjectDirectory=d:\rawat\Documents\tinyurl-main 
java_command: org.codehaus.plexus.classworlds.launcher.Launcher -B -N -DgraphFormat=text -DshowDuplicates -DshowConflicts -DshowVersions -DshowGroupIds -DoutputDirectory=c:\Users\rawat\AppData\Roaming\Code\User\workspaceStorage\0dc052288b8db4c60cc90cd67da1ecdb\vscjava.vscode-maven -DoutputFileName=41d289530f40974dd9034a860ea45852.deps.txt com.github.ferstl:depgraph-maven-plugin:4.0.3:graph -f d:\rawat\Documents\tinyurl-main\tinyurl-main\pom.xml
java_class_path (initial): D:\rawat\Documents\apache-maven-3.9.16-bin\apache-maven-3.9.16\boot\plexus-classworlds-2.11.0.jar
Launcher Type: SUN_STANDARD

[Global flags]
     intx CICompilerCount                          = 12                                        {product} {ergonomic}
     uint ConcGCThreads                            = 3                                         {product} {ergonomic}
     uint G1ConcRefinementThreads                  = 13                                        {product} {ergonomic}
   size_t G1HeapRegionSize                         = 2097152                                   {product} {ergonomic}
    uintx GCDrainStackTargetSize                   = 64                                        {product} {ergonomic}
   size_t InitialHeapSize                          = 264241152                                 {product} {ergonomic}
   size_t MarkStackSize                            = 4194304                                   {product} {ergonomic}
   size_t MaxHeapSize                              = 4217372672                                {product} {ergonomic}
   size_t MinHeapDeltaBytes                        = 2097152                                   {product} {ergonomic}
   size_t MinHeapSize                              = 8388608                                   {product} {ergonomic}
    uintx NonNMethodCodeHeapSize                   = 7602480                                {pd product} {ergonomic}
    uintx NonProfiledCodeHeapSize                  = 122027880                              {pd product} {ergonomic}
    uintx ProfiledCodeHeapSize                     = 122027880                              {pd product} {ergonomic}
    uintx ReservedCodeCacheSize                    = 251658240                              {pd product} {ergonomic}
     bool SegmentedCodeCache                       = true                                      {product} {ergonomic}
   size_t SoftMaxHeapSize                          = 4217372672                             {manageable} {ergonomic}
     bool UseCompressedOops                        = true                           {product lp64_product} {ergonomic}
     bool UseG1GC                                  = true                                      {product} {ergonomic}
     bool UseLargePagesIndividualAllocation        = false                                  {pd product} {ergonomic}

Logging:
Log output configuration:
 #0: stdout all=warning uptime,level,tags foldmultilines=false
 #1: stderr all=off uptime,level,tags foldmultilines=false

Environment Variables:
JAVA_HOME=C:\Program Files\Java\jdk-21
PATH=C:\Users\rawat\AppData\Local\Programs\Microsoft VS Code;C:\Program Files\Common Files\Oracle\Java\javapath;C:\Windows\system32;C:\Windows;C:\Windows\System32\Wbem;C:\Windows\System32\WindowsPowerShell\v1.0\;C:\Windows\System32\OpenSSH\;C:\Program Files (x86)\NVIDIA Corporation\PhysX\Common;C:\MinGW\bin;C:\Program Files\Java\jdk-21\bin\;C:\Program Files\Git\cmd;C:\Program Files\nodejs\npm.cmd or C:\Program Files (x86)\nodejs\npm.cmd;C:\Program Files\nodejs\;C:\WINDOWS\system32;C:\WINDOWS;C:\WINDOWS\System32\Wbem;C:\WINDOWS\System32\WindowsPowerShell\v1.0\;C:\WINDOWS\System32\OpenSSH\;C:\Program Files\NVIDIA Corporation\NVIDIA App\NvDLISR;D:\rawat\Documents\apache-maven-3.9.16-bin\apache-maven-3.9.16\bin;C:\Program Files\MySQL\MySQL Shell 8.0\bin\;C:\Users\rawat\AppData\Local\Programs\Python\Launcher\;C:\Users\rawat\AppData\Local\Microsoft\WindowsApps;;C:\Users\rawat\AppData\Local\Programs\Microsoft VS Code\bin;C:\Users\rawat\AppData\Roaming\npm
USERNAME=rawat
OS=Windows_NT
PROCESSOR_IDENTIFIER=Intel64 Family 6 Model 154 Stepping 3, GenuineIntel
TMP=C:\Users\rawat\AppData\Local\Temp
TEMP=C:\Users\rawat\AppData\Local\Temp




Periodic native trim disabled

---------------  S Y S T E M  ---------------

OS:
 Windows 11 , 64 bit Build 26100 (10.0.26100.8521)
OS uptime: 2 days 5:48 hours
Hyper-V role detected

CPU: total 16 (initial active 16) (8 cores per cpu, 2 threads per core) family 6 model 154 stepping 3 microcode 0x424, cx8, cmov, fxsr, ht, mmx, 3dnowpref, sse, sse2, sse3, ssse3, sse4.1, sse4.2, popcnt, lzcnt, tsc, tscinvbit, avx, avx2, aes, erms, clmul, bmi1, bmi2, adx, sha, fma, vzeroupper, clflush, clflushopt, clwb, hv, serialize, rdtscp, rdpid, fsrm, f16c, cet_ibt, cet_ss
Processor Information for processor 0
  Max Mhz: 2300, Current Mhz: 2300, Mhz Limit: 2300
Processor Information for processor 1
  Max Mhz: 2300, Current Mhz: 2300, Mhz Limit: 2300
Processor Information for processor 2
  Max Mhz: 2300, Current Mhz: 2300, Mhz Limit: 2300
Processor Information for processor 3
  Max Mhz: 2300, Current Mhz: 2300, Mhz Limit: 2300
Processor Information for processor 4
  Max Mhz: 2300, Current Mhz: 2300, Mhz Limit: 2300
Processor Information for processor 5
  Max Mhz: 2300, Current Mhz: 2300, Mhz Limit: 2300
Processor Information for processor 6
  Max Mhz: 2300, Current Mhz: 2300, Mhz Limit: 2300
Processor Information for processor 7
  Max Mhz: 2300, Current Mhz: 2300, Mhz Limit: 2300
Processor Information for processor 8
  Max Mhz: 2300, Current Mhz: 2300, Mhz Limit: 2300
Processor Information for processor 9
  Max Mhz: 2300, Current Mhz: 2300, Mhz Limit: 2300
Processor Information for processor 10
  Max Mhz: 2300, Current Mhz: 2300, Mhz Limit: 2300
Processor Information for processor 11
  Max Mhz: 2300, Current Mhz: 2300, Mhz Limit: 2300
Processor Information for processor 12
  Max Mhz: 2300, Current Mhz: 1488, Mhz Limit: 2300
Processor Information for processor 13
  Max Mhz: 2300, Current Mhz: 1488, Mhz Limit: 2300
Processor Information for processor 14
  Max Mhz: 2300, Current Mhz: 2300, Mhz Limit: 2300
Processor Information for processor 15
  Max Mhz: 2300, Current Mhz: 2300, Mhz Limit: 2300

Memory: 4k page, system-wide physical 16087M (1041M free)
TotalPageFile size 34829M (AvailPageFile size 199M)
current process WorkingSet (physical memory assigned to process): 13M, peak: 13M
current process commit charge ("private bytes"): 71M, peak: 323M

vm_info: Java HotSpot(TM) 64-Bit Server VM (21.0.2+13-LTS-58) for windows-amd64 JRE (21.0.2+13-LTS-58), built on 2024-01-05T18:32:24Z by "mach5one" with MS VC++ 17.1 (VS2022)

END.
